<?xml version="1.0" encoding="UTF-8"?>
<testng-results ignored="0" total="2" passed="2" failed="0" skipped="0">
  <reporter-output>
  </reporter-output>
  <suite started-at="2026-04-20T00:14:33 IST" name="Default suite" finished-at="2026-04-20T00:14:33 IST" duration-ms="66">
    <groups>
    </groups>
    <test started-at="2026-04-20T00:14:33 IST" name="Default test" finished-at="2026-04-20T00:14:33 IST" duration-ms="66">
      <class name="com.string.learn.SimpleTest">
        <test-method signature="testAddition()[pri:0, instance:com.string.learn.SimpleTest@3d285d7e]" started-at="2026-04-20T00:14:33 IST" name="testAddition" finished-at="2026-04-20T00:14:33 IST" duration-ms="12" status="PASS">
          <reporter-output>
          </reporter-output>
        </test-method> <!-- testAddition -->
        <test-method signature="testString()[pri:0, instance:com.string.learn.SimpleTest@3d285d7e]" started-at="2026-04-20T00:14:33 IST" name="testString" finished-at="2026-04-20T00:14:33 IST" duration-ms="2" status="PASS">
          <reporter-output>
          </reporter-output>
        </test-method> <!-- testString -->
      </class> <!-- com.string.learn.SimpleTest -->
    </test> <!-- Default test -->
  </suite> <!-- Default suite -->
</testng-results>
